This is pdfTeX, Version 3.141592653-2.6-1.40.24 (TeX Live 2022) (preloaded format=pdflatex 2022.4.28)  21 JUN 2023 07:55
entering extended mode
 restricted \write18 enabled.
 %&-line parsing enabled.
**OnlineAppendix.tex
(./OnlineAppendix.tex
LaTeX2e <2021-11-15> patch level 1
L3 programming layer <2022-02-24> (/usr/local/texlive/2022/texmf-dist/tex/latex
/base/article.cls
Document Class: article 2021/10/04 v1.4n Standard LaTeX document class
(/usr/local/texlive/2022/texmf-dist/tex/latex/base/size11.clo
File: size11.clo 2021/10/04 v1.4n Standard LaTeX file (size option)
)
\c@part=\count185
\c@section=\count186
\c@subsection=\count187
\c@subsubsection=\count188
\c@paragraph=\count189
\c@subparagraph=\count190
\c@figure=\count191
\c@table=\count192
\abovecaptionskip=\skip47
\belowcaptionskip=\skip48
\bibindent=\dimen138
) (/usr/local/texlive/2022/texmf-dist/tex/latex/geometry/geometry.sty
Package: geometry 2020/01/02 v5.9 Page Geometry
(/usr/local/texlive/2022/texmf-dist/tex/latex/graphics/keyval.sty
Package: keyval 2014/10/28 v1.15 key=value parser (DPC)
\KV@toks@=\toks16
) (/usr/local/texlive/2022/texmf-dist/tex/generic/iftex/ifvtex.sty
Package: ifvtex 2019/10/25 v1.7 ifvtex legacy package. Use iftex instead.
(/usr/local/texlive/2022/texmf-dist/tex/generic/iftex/iftex.sty
Package: iftex 2022/02/03 v1.0f TeX engine tests
))
\Gm@cnth=\count193
\Gm@cntv=\count194
\c@Gm@tempcnt=\count195
\Gm@bindingoffset=\dimen139
\Gm@wd@mp=\dimen140
\Gm@odd@mp=\dimen141
\Gm@even@mp=\dimen142
\Gm@layoutwidth=\dimen143
\Gm@layoutheight=\dimen144
\Gm@layouthoffset=\dimen145
\Gm@layoutvoffset=\dimen146
\Gm@dimlist=\toks17
) (/usr/local/texlive/2022/texmf-dist/tex/latex/lm/lmodern.sty
Package: lmodern 2015/05/01 v1.6.1 Latin Modern Fonts
LaTeX Font Info:    Overwriting symbol font `operators' in version `normal'
(Font)                  OT1/cmr/m/n --> OT1/lmr/m/n on input line 22.
LaTeX Font Info:    Overwriting symbol font `letters' in version `normal'
(Font)                  OML/cmm/m/it --> OML/lmm/m/it on input line 23.
LaTeX Font Info:    Overwriting symbol font `symbols' in version `normal'
(Font)                  OMS/cmsy/m/n --> OMS/lmsy/m/n on input line 24.
LaTeX Font Info:    Overwriting symbol font `largesymbols' in version `normal'
(Font)                  OMX/cmex/m/n --> OMX/lmex/m/n on input line 25.
LaTeX Font Info:    Overwriting symbol font `operators' in version `bold'
(Font)                  OT1/cmr/bx/n --> OT1/lmr/bx/n on input line 26.
LaTeX Font Info:    Overwriting symbol font `letters' in version `bold'
(Font)                  OML/cmm/b/it --> OML/lmm/b/it on input line 27.
LaTeX Font Info:    Overwriting symbol font `symbols' in version `bold'
(Font)                  OMS/cmsy/b/n --> OMS/lmsy/b/n on input line 28.
LaTeX Font Info:    Overwriting symbol font `largesymbols' in version `bold'
(Font)                  OMX/cmex/m/n --> OMX/lmex/m/n on input line 29.
LaTeX Font Info:    Overwriting math alphabet `\mathbf' in version `normal'
(Font)                  OT1/cmr/bx/n --> OT1/lmr/bx/n on input line 31.
LaTeX Font Info:    Overwriting math alphabet `\mathsf' in version `normal'
(Font)                  OT1/cmss/m/n --> OT1/lmss/m/n on input line 32.
LaTeX Font Info:    Overwriting math alphabet `\mathit' in version `normal'
(Font)                  OT1/cmr/m/it --> OT1/lmr/m/it on input line 33.
LaTeX Font Info:    Overwriting math alphabet `\mathtt' in version `normal'
(Font)                  OT1/cmtt/m/n --> OT1/lmtt/m/n on input line 34.
LaTeX Font Info:    Overwriting math alphabet `\mathbf' in version `bold'
(Font)                  OT1/cmr/bx/n --> OT1/lmr/bx/n on input line 35.
LaTeX Font Info:    Overwriting math alphabet `\mathsf' in version `bold'
(Font)                  OT1/cmss/bx/n --> OT1/lmss/bx/n on input line 36.
LaTeX Font Info:    Overwriting math alphabet `\mathit' in version `bold'
(Font)                  OT1/cmr/bx/it --> OT1/lmr/bx/it on input line 37.
LaTeX Font Info:    Overwriting math alphabet `\mathtt' in version `bold'
(Font)                  OT1/cmtt/m/n --> OT1/lmtt/m/n on input line 38.
) (/usr/local/texlive/2022/texmf-dist/tex/latex/base/fontenc.sty
Package: fontenc 2021/04/29 v2.0v Standard LaTeX package
LaTeX Font Info:    Trying to load font information for T1+lmr on input line 11
2.
(/usr/local/texlive/2022/texmf-dist/tex/latex/lm/t1lmr.fd
File: t1lmr.fd 2015/05/01 v1.6.1 Font defs for Latin Modern
)) (/usr/local/texlive/2022/texmf-dist/tex/latex/base/inputenc.sty
Package: inputenc 2021/02/14 v1.3d Input encoding file
\inpenc@prehook=\toks18
\inpenc@posthook=\toks19
) (/usr/local/texlive/2022/texmf-dist/tex/latex/abstract/abstract.sty
Package: abstract 2009/06/08 v1.2a configurable abstracts
\abstitleskip=\skip49
\absleftindent=\skip50
\absrightindent=\skip51
\absparindent=\skip52
\absparsep=\skip53
) (/usr/local/texlive/2022/texmf-dist/tex/latex/titlesec/titlesec.sty
Package: titlesec 2021/07/05 v2.14 Sectioning titles
\ttl@box=\box50
\beforetitleunit=\skip54
\aftertitleunit=\skip55
\ttl@plus=\dimen147
\ttl@minus=\dimen148
\ttl@toksa=\toks20
\titlewidth=\dimen149
\titlewidthlast=\dimen150
\titlewidthfirst=\dimen151
)
\c@hypothesis=\count196
(/usr/local/texlive/2022/texmf-dist/tex/latex/setspace/setspace.sty
Package: setspace 2011/12/19 v6.7a set line spacing
) (/usr/local/texlive/2022/texmf-dist/tex/latex/tools/array.sty
Package: array 2021/10/04 v2.5f Tabular extension package (FMi)
\col@sep=\dimen152
\ar@mcellbox=\box51
\extrarowheight=\dimen153
\NC@list=\toks21
\extratabsurround=\skip56
\backup@length=\skip57
\ar@cellbox=\box52
) (/usr/local/texlive/2022/texmf-dist/tex/latex/floatrow/floatrow.sty
Package: floatrow 2008/08/02 v0.3b floatrow: float package extension
(/usr/local/texlive/2022/texmf-dist/tex/latex/caption/caption3.sty
Package: caption3 2022/03/17 v2.3b caption3 kernel (AR)
\caption@tempdima=\dimen154
\captionmargin=\dimen155
\caption@leftmargin=\dimen156
\caption@rightmargin=\dimen157
\caption@width=\dimen158
\caption@indent=\dimen159
\caption@parindent=\dimen160
\caption@hangindent=\dimen161
Package caption Info: Standard document class detected.
)
\c@float@type=\count197
\float@exts=\toks22
\float@box=\box53
\@floatcapt=\box54
Package floatrow Info: Modified float package code loaded on input line 455.
Package floatrow Info: Modified rotfloat package code loaded on input line 473.

\FR@everyfloat=\toks23
\flrow@foot=\insert199
\FB@wd=\dimen162
\FBo@wd=\dimen163
\FBc@wd=\dimen164
\FBo@ht=\skip58
\FBc@ht=\skip59
\FBf@ht=\skip60
\FBo@max=\skip61
\FBc@max=\skip62
\FBf@max=\skip63
\c@FBl@b=\count198
\floatbox@depth=\count266
\c@FRobj=\count267
\c@FRsobj=\count268
\Xhsize=\skip64
\sXhsize=\skip65
\Zhsize=\skip66
\sZhsize=\skip67
\flrow@rowbox=\box55
\FR@Zunitlength=\dimen165
\c@FBcnt=\count269
\FPOScnt=\count270
\LTleft=\skip68
\LTright=\skip69
\LTleft=\skip70
\LTright=\skip71
\flrow@types=\toks24
) (/usr/local/texlive/2022/texmf-dist/tex/latex/booktabs/booktabs.sty
Package: booktabs 2020/01/12 v1.61803398 Publication quality tables
\heavyrulewidth=\dimen166
\lightrulewidth=\dimen167
\cmidrulewidth=\dimen168
\belowrulesep=\dimen169
\belowbottomsep=\dimen170
\aboverulesep=\dimen171
\abovetopsep=\dimen172
\cmidrulesep=\dimen173
\cmidrulekern=\dimen174
\defaultaddspace=\dimen175
\@cmidla=\count271
\@cmidlb=\count272
\@aboverulesep=\dimen176
\@belowrulesep=\dimen177
\@thisruleclass=\count273
\@lastruleclass=\count274
\@thisrulewidth=\dimen178
) (/usr/local/texlive/2022/texmf-dist/tex/latex/tools/longtable.sty
Package: longtable 2021-09-01 v4.17 Multi-page Table package (DPC)
\LTleft=\skip72
\LTright=\skip73
\LTpre=\skip74
\LTpost=\skip75
\LTchunksize=\count275
\LTcapwidth=\dimen179
\LT@head=\box56
\LT@firsthead=\box57
\LT@foot=\box58
\LT@lastfoot=\box59
\LT@gbox=\box60
\LT@cols=\count276
\LT@rows=\count277
\c@LT@tables=\count278
\c@LT@chunks=\count279
\LT@p@ftn=\toks25
) (/usr/local/texlive/2022/texmf-dist/tex/latex/multirow/multirow.sty
Package: multirow 2021/03/15 v2.8 Span multiple rows of a table
\multirow@colwidth=\skip76
\multirow@cntb=\count280
\multirow@dima=\skip77
\bigstrutjot=\dimen180
) (/usr/local/texlive/2022/texmf-dist/tex/latex/wrapfig/wrapfig.sty
\wrapoverhang=\dimen181
\WF@size=\dimen182
\c@WF@wrappedlines=\count281
\WF@box=\box61
\WF@everypar=\toks26
Package: wrapfig 2003/01/31  v 3.6
) (/usr/local/texlive/2022/texmf-dist/tex/latex/colortbl/colortbl.sty
Package: colortbl 2020/01/04 v1.0e Color table columns (DPC)
(/usr/local/texlive/2022/texmf-dist/tex/latex/graphics/color.sty
Package: color 2021/12/07 v1.3c Standard LaTeX Color (DPC)
(/usr/local/texlive/2022/texmf-dist/tex/latex/graphics-cfg/color.cfg
File: color.cfg 2016/01/02 v1.6 sample color configuration
)
Package color Info: Driver file: pdftex.def on input line 149.
(/usr/local/texlive/2022/texmf-dist/tex/latex/graphics-def/pdftex.def
File: pdftex.def 2020/10/05 v1.2a Graphics/color driver for pdftex
))
\everycr=\toks27
\minrowclearance=\skip78
) (/usr/local/texlive/2022/texmf-dist/tex/latex/pdflscape/pdflscape.sty
Package: pdflscape 2019/12/05 v0.12 Display of landscape pages in PDF (HO)
(/usr/local/texlive/2022/texmf-dist/tex/latex/graphics/lscape.sty
Package: lscape 2020/05/28 v3.02 Landscape Pages (DPC)
(/usr/local/texlive/2022/texmf-dist/tex/latex/graphics/graphics.sty
Package: graphics 2021/03/04 v1.4d Standard LaTeX Graphics (DPC,SPQR)
(/usr/local/texlive/2022/texmf-dist/tex/latex/graphics/trig.sty
Package: trig 2021/08/11 v1.11 sin cos tan (DPC)
) (/usr/local/texlive/2022/texmf-dist/tex/latex/graphics-cfg/graphics.cfg
File: graphics.cfg 2016/06/04 v1.11 sample graphics configuration
)
Package graphics Info: Driver file: pdftex.def on input line 107.
))
Package pdflscape Info: Auto-detected driver: pdftex on input line 81.
) (/usr/local/texlive/2022/texmf-dist/tex/latex/tabu/tabu.sty
Package: tabu 2019/01/11 v2.9 - flexible LaTeX tabulars (FC+tabu-fixed)
(/usr/local/texlive/2022/texmf-dist/tex/latex/varwidth/varwidth.sty
Package: varwidth 2009/03/30 ver 0.92;  Variable-width minipages
\@vwid@box=\box62
\sift@deathcycles=\count282
\@vwid@loff=\dimen183
\@vwid@roff=\dimen184
)
\c@taburow=\count283
\tabu@nbcols=\count284
\tabu@cnt=\count285
\tabu@Xcol=\count286
\tabu@alloc=\count287
\tabu@nested=\count288
\tabu@target=\dimen185
\tabu@spreadtarget=\dimen186
\tabu@naturalX=\dimen187
\tabucolX=\dimen188
\tabu@Xsum=\dimen189
\extrarowdepth=\dimen190
\abovetabulinesep=\dimen191
\belowtabulinesep=\dimen192
\tabustrutrule=\dimen193
\tabu@thebody=\toks28
\tabu@footnotes=\toks29
\tabu@box=\box63
\tabu@arstrutbox=\box64
\tabu@hleads=\box65
\tabu@vleads=\box66
\tabu@cellskip=\skip79
)
(/usr/local/texlive/2022/texmf-dist/tex/latex/threeparttable/threeparttable.sty
Package: threeparttable 2003/06/13  v 3.0
\@tempboxb=\box67
)
(/usr/local/texlive/2022/texmf-dist/tex/latex/threeparttablex/threeparttablex.s
ty
Package: threeparttablex 2013/07/23 v0.3 by daleif
(/usr/local/texlive/2022/texmf-dist/tex/latex/environ/environ.sty
Package: environ 2014/05/04 v0.3 A new way to define environments
(/usr/local/texlive/2022/texmf-dist/tex/latex/trimspaces/trimspaces.sty
Package: trimspaces 2009/09/17 v1.1 Trim spaces around a token list
)
\@envbody=\toks30
)
\TPTL@width=\skip80
) (/usr/local/texlive/2022/texmf-dist/tex/generic/ulem/ulem.sty
\UL@box=\box68
\UL@hyphenbox=\box69
\UL@skip=\skip81
\UL@hook=\toks31
\UL@height=\dimen194
\UL@pe=\count289
\UL@pixel=\dimen195
\ULC@box=\box70
Package: ulem 2019/11/18
\ULdepth=\dimen196
) (/usr/local/texlive/2022/texmf-dist/tex/latex/makecell/makecell.sty
Package: makecell 2009/08/03 V0.1e Managing of Tab Column Heads and Cells
\rotheadsize=\dimen197
\c@nlinenum=\count290
\TeXr@lab=\toks32
) (/usr/local/texlive/2022/texmf-dist/tex/latex/xcolor/xcolor.sty
Package: xcolor 2021/10/31 v2.13 LaTeX color extensions (UK)
(/usr/local/texlive/2022/texmf-dist/tex/latex/graphics-cfg/color.cfg
File: color.cfg 2016/01/02 v1.6 sample color configuration
)
Package xcolor Info: Driver file: pdftex.def on input line 227.
LaTeX Info: Redefining \color on input line 711.
Package xcolor Info: Model `cmy' substituted by `cmy0' on input line 1352.
Package xcolor Info: Model `hsb' substituted by `rgb' on input line 1356.
Package xcolor Info: Model `RGB' extended on input line 1368.
Package xcolor Info: Model `HTML' substituted by `rgb' on input line 1370.
Package xcolor Info: Model `Hsb' substituted by `hsb' on input line 1371.
Package xcolor Info: Model `tHsb' substituted by `hsb' on input line 1372.
Package xcolor Info: Model `HSB' substituted by `hsb' on input line 1373.
Package xcolor Info: Model `Gray' substituted by `gray' on input line 1374.
Package xcolor Info: Model `wave' substituted by `hsb' on input line 1375.
) (/usr/local/texlive/2022/texmf-dist/tex/latex/caption/caption.sty
Package: caption 2022/03/01 v3.6b Customizing captions (AR)
\c@caption@flags=\count291
\c@continuedfloat=\count292
Package caption Info: float package is loaded.
Package caption Info: floatrow package is loaded.
Package caption Info: longtable package is loaded.
(/usr/local/texlive/2022/texmf-dist/tex/latex/caption/ltcaption.sty
Package: ltcaption 2021/01/08 v1.4c longtable captions (AR)
)
Package caption Info: threeparttable package is loaded.
Package caption Info: wrapfig package is loaded.
) (/usr/local/texlive/2022/texmf-dist/tex/latex/graphics/graphicx.sty
Package: graphicx 2021/09/16 v1.2d Enhanced LaTeX Graphics (DPC,SPQR)
\Gin@req@height=\dimen198
\Gin@req@width=\dimen256
) (/usr/local/texlive/2022/texmf-dist/tex/latex/epstopdf-pkg/epstopdf.sty
Package: epstopdf 2020-01-24 v2.11 Conversion with epstopdf on the fly (HO)
(/usr/local/texlive/2022/texmf-dist/tex/generic/infwarerr/infwarerr.sty
Package: infwarerr 2019/12/03 v1.5 Providing info/warning/error messages (HO)
) (/usr/local/texlive/2022/texmf-dist/tex/latex/grfext/grfext.sty
Package: grfext 2019/12/03 v1.3 Manage graphics extensions (HO)
(/usr/local/texlive/2022/texmf-dist/tex/generic/kvdefinekeys/kvdefinekeys.sty
Package: kvdefinekeys 2019-12-19 v1.6 Define keys (HO)
)) (/usr/local/texlive/2022/texmf-dist/tex/latex/kvoptions/kvoptions.sty
Package: kvoptions 2020-10-07 v3.14 Key value format for package options (HO)
(/usr/local/texlive/2022/texmf-dist/tex/generic/ltxcmds/ltxcmds.sty
Package: ltxcmds 2020-05-10 v1.25 LaTeX kernel commands for general use (HO)
) (/usr/local/texlive/2022/texmf-dist/tex/generic/kvsetkeys/kvsetkeys.sty
Package: kvsetkeys 2019/12/15 v1.18 Key value parser (HO)
)) (/usr/local/texlive/2022/texmf-dist/tex/generic/pdftexcmds/pdftexcmds.sty
Package: pdftexcmds 2020-06-27 v0.33 Utility functions of pdfTeX for LuaTeX (HO
)
Package pdftexcmds Info: \pdf@primitive is available.
Package pdftexcmds Info: \pdf@ifprimitive is available.
Package pdftexcmds Info: \pdfdraftmode found.
) (/usr/local/texlive/2022/texmf-dist/tex/latex/epstopdf-pkg/epstopdf-base.sty
Package: epstopdf-base 2020-01-24 v2.11 Base part for package epstopdf
Package epstopdf-base Info: Redefining graphics rule for `.eps' on input line 4
85.
Package grfext Info: Graphics extension search list:
(grfext)             [.pdf,.png,.jpg,.mps,.jpeg,.jbig2,.jb2,.PDF,.PNG,.JPG,.JPE
G,.JBIG2,.JB2,.eps]
(grfext)             \AppendGraphicsExtensions on input line 504.
(/usr/local/texlive/2022/texmf-dist/tex/latex/latexconfig/epstopdf-sys.cfg
File: epstopdf-sys.cfg 2010/07/13 v1.3 Configuration of (r)epstopdf for TeX Liv
e
))) (/usr/local/texlive/2022/texmf-dist/tex/latex/siunitx/siunitx.sty
Package: siunitx 2022-02-15 v3.0.49 A comprehensive (SI) units package
\l__siunitx_angle_tmp_dim=\dimen257
\l__siunitx_angle_marker_box=\box71
\l__siunitx_angle_unit_box=\box72
\l__siunitx_compound_count_int=\count293
(/usr/local/texlive/2022/texmf-dist/tex/latex/translations/translations.sty
Package: translations 2022/02/05 v1.12 internationalization of LaTeX2e packages
 (CN)
(/usr/local/texlive/2022/texmf-dist/tex/latex/etoolbox/etoolbox.sty
Package: etoolbox 2020/10/05 v2.5k e-TeX tools for LaTeX (JAW)
\etb@tempcnta=\count294
))
\l__siunitx_number_exponent_fixed_int=\count295
\l__siunitx_number_min_decimal_int=\count296
\l__siunitx_number_min_integer_int=\count297
\l__siunitx_number_round_precision_int=\count298
\l__siunitx_number_group_minimum_int=\count299
(/usr/local/texlive/2022/texmf-dist/tex/latex/amsmath/amstext.sty
Package: amstext 2021/08/26 v2.01 AMS text
(/usr/local/texlive/2022/texmf-dist/tex/latex/amsmath/amsgen.sty
File: amsgen.sty 1999/11/30 v2.0 generic functions
\@emptytoks=\toks33
\ex@=\dimen258
))
\l__siunitx_table_tmp_box=\box73
\l__siunitx_table_tmp_dim=\dimen259
\l__siunitx_table_column_width_dim=\dimen260
\l__siunitx_table_integer_box=\box74
\l__siunitx_table_decimal_box=\box75
\l__siunitx_table_before_box=\box76
\l__siunitx_table_after_box=\box77
\l__siunitx_table_before_dim=\dimen261
\l__siunitx_table_carry_dim=\dimen262
\l__siunitx_unit_tmp_int=\count300
\l__siunitx_unit_position_int=\count301
\l__siunitx_unit_total_int=\count302
(/usr/local/texlive/2022/texmf-dist/tex/latex/l3packages/l3keys2e/l3keys2e.sty 
(/usr/local/texlive/2022/texmf-dist/tex/latex/l3kernel/expl3.sty
Package: expl3 2022-02-24 L3 programming layer (loader) 
(/usr/local/texlive/2022/texmf-dist/tex/latex/l3backend/l3backend-pdftex.def
File: l3backend-pdftex.def 2022-02-07 L3 backend support: PDF output (pdfTeX)
\l__color_backend_stack_int=\count303
\l__pdf_internal_box=\box78
))
Package: l3keys2e 2022-01-12 LaTeX2e option processing using LaTeX3 keys
)) (/usr/local/texlive/2022/texmf-dist/tex/latex/tools/hhline.sty
Package: hhline 2020/01/04 v2.04 Table rule package (DPC)
) (/usr/local/texlive/2022/texmf-dist/tex/latex/tools/calc.sty
Package: calc 2017/05/25 v4.3 Infix arithmetic (KKT,FJ)
\calc@Acount=\count304
\calc@Bcount=\count305
\calc@Adimen=\dimen263
\calc@Bdimen=\dimen264
\calc@Askip=\skip82
\calc@Bskip=\skip83
LaTeX Info: Redefining \setlength on input line 80.
LaTeX Info: Redefining \addtolength on input line 81.
\calc@Ccount=\count306
\calc@Cskip=\skip84
) (/usr/local/texlive/2022/texmf-dist/tex/latex/tools/tabularx.sty
Package: tabularx 2020/01/15 v2.11c `tabularx' package (DPC)
\TX@col@width=\dimen265
\TX@old@table=\dimen266
\TX@old@col=\dimen267
\TX@target=\dimen268
\TX@delta=\dimen269
\TX@cols=\count307
\TX@ftn=\toks34
) (/usr/local/texlive/2022/texmf-dist/tex/latex/fontawesome/fontawesome.sty
Package: fontawesome 2016/05/15 v4.6.3.1 font awesome icons
(/usr/local/texlive/2022/texmf-dist/tex/generic/iftex/ifxetex.sty
Package: ifxetex 2019/10/25 v0.7 ifxetex legacy package. Use iftex instead.
) (/usr/local/texlive/2022/texmf-dist/tex/generic/iftex/ifluatex.sty
Package: ifluatex 2019/10/25 v1.5 ifluatex legacy package. Use iftex instead.
)
(/usr/local/texlive/2022/texmf-dist/tex/latex/fontawesome/fontawesomesymbols-ge
neric.tex)
(/usr/local/texlive/2022/texmf-dist/tex/latex/fontawesome/fontawesomesymbols-pd
ftex.tex)) (/usr/local/texlive/2022/texmf-dist/tex/latex/amscls/amsthm.sty
Package: amsthm 2020/05/29 v2.20.6
\thm@style=\toks35
\thm@bodyfont=\toks36
\thm@headfont=\toks37
\thm@notefont=\toks38
\thm@headpunct=\toks39
\thm@preskip=\skip85
\thm@postskip=\skip86
\thm@headsep=\skip87
\dth@everypar=\toks40
) (/usr/local/texlive/2022/texmf-dist/tex/latex/csquotes/csquotes.sty
Package: csquotes 2021-02-22 v5.2l context-sensitive quotations (JAW)
\csq@reset=\count308
\csq@gtype=\count309
\csq@glevel=\count310
\csq@qlevel=\count311
\csq@maxlvl=\count312
\csq@tshold=\count313
\csq@ltx@everypar=\toks41
(/usr/local/texlive/2022/texmf-dist/tex/latex/csquotes/csquotes.def
File: csquotes.def 2021-02-22 v5.2l csquotes generic definitions (JAW)
)
Package csquotes Info: Trying to load configuration file 'csquotes.cfg'...
Package csquotes Info: ... configuration file loaded successfully.
(/usr/local/texlive/2022/texmf-dist/tex/latex/csquotes/csquotes.cfg
File: csquotes.cfg 
)) (/usr/local/texlive/2022/texmf-dist/tex/latex/hyperref/hyperref.sty
Package: hyperref 2022-02-21 v7.00n Hypertext links for LaTeX
(/usr/local/texlive/2022/texmf-dist/tex/generic/pdfescape/pdfescape.sty
Package: pdfescape 2019/12/09 v1.15 Implements pdfTeX's escape features (HO)
) (/usr/local/texlive/2022/texmf-dist/tex/latex/hycolor/hycolor.sty
Package: hycolor 2020-01-27 v1.10 Color options for hyperref/bookmark (HO)
) (/usr/local/texlive/2022/texmf-dist/tex/latex/letltxmacro/letltxmacro.sty
Package: letltxmacro 2019/12/03 v1.6 Let assignment for LaTeX macros (HO)
) (/usr/local/texlive/2022/texmf-dist/tex/latex/auxhook/auxhook.sty
Package: auxhook 2019-12-17 v1.6 Hooks for auxiliary files (HO)
)
\@linkdim=\dimen270
\Hy@linkcounter=\count314
\Hy@pagecounter=\count315
(/usr/local/texlive/2022/texmf-dist/tex/latex/hyperref/pd1enc.def
File: pd1enc.def 2022-02-21 v7.00n Hyperref: PDFDocEncoding definition (HO)
Now handling font encoding PD1 ...
... no UTF-8 mapping file for font encoding PD1
) (/usr/local/texlive/2022/texmf-dist/tex/generic/intcalc/intcalc.sty
Package: intcalc 2019/12/15 v1.3 Expandable calculations with integers (HO)
) (/usr/local/texlive/2022/texmf-dist/tex/generic/etexcmds/etexcmds.sty
Package: etexcmds 2019/12/15 v1.7 Avoid name clashes with e-TeX commands (HO)
)
\Hy@SavedSpaceFactor=\count316
(/usr/local/texlive/2022/texmf-dist/tex/latex/hyperref/puenc.def
File: puenc.def 2022-02-21 v7.00n Hyperref: PDF Unicode definition (HO)
Now handling font encoding PU ...
... no UTF-8 mapping file for font encoding PU
)
Package hyperref Info: Hyper figures OFF on input line 4137.
Package hyperref Info: Link nesting OFF on input line 4142.
Package hyperref Info: Hyper index ON on input line 4145.
Package hyperref Info: Plain pages OFF on input line 4152.
Package hyperref Info: Backreferencing OFF on input line 4157.
Package hyperref Info: Implicit mode ON; LaTeX internals redefined.
Package hyperref Info: Bookmarks ON on input line 4390.
\c@Hy@tempcnt=\count317
(/usr/local/texlive/2022/texmf-dist/tex/latex/url/url.sty
\Urlmuskip=\muskip16
Package: url 2013/09/16  ver 3.4  Verb mode for urls, etc.
)
LaTeX Info: Redefining \url on input line 4749.
\XeTeXLinkMargin=\dimen271
(/usr/local/texlive/2022/texmf-dist/tex/generic/bitset/bitset.sty
Package: bitset 2019/12/09 v1.3 Handle bit-vector datatype (HO)
(/usr/local/texlive/2022/texmf-dist/tex/generic/bigintcalc/bigintcalc.sty
Package: bigintcalc 2019/12/15 v1.5 Expandable calculations on big integers (HO
)
))
\Fld@menulength=\count318
\Field@Width=\dimen272
\Fld@charsize=\dimen273
Package hyperref Info: Hyper figures OFF on input line 6027.
Package hyperref Info: Link nesting OFF on input line 6032.
Package hyperref Info: Hyper index ON on input line 6035.
Package hyperref Info: backreferencing OFF on input line 6042.
Package hyperref Info: Link coloring OFF on input line 6047.
Package hyperref Info: Link coloring with OCG OFF on input line 6052.
Package hyperref Info: PDF/A mode OFF on input line 6057.
LaTeX Info: Redefining \ref on input line 6097.
LaTeX Info: Redefining \pageref on input line 6101.
(/usr/local/texlive/2022/texmf-dist/tex/latex/base/atbegshi-ltx.sty
Package: atbegshi-ltx 2021/01/10 v1.0c Emulation of the original atbegshi
package with kernel methods
)
\Hy@abspage=\count319
\c@Item=\count320
\c@Hfootnote=\count321
)
Package hyperref Info: Driver (autodetected): hpdftex.
(/usr/local/texlive/2022/texmf-dist/tex/latex/hyperref/hpdftex.def
File: hpdftex.def 2022-02-21 v7.00n Hyperref driver for pdfTeX
(/usr/local/texlive/2022/texmf-dist/tex/latex/base/atveryend-ltx.sty
Package: atveryend-ltx 2020/08/19 v1.0a Emulation of the original atveryend pac
kage
with kernel methods
)
\Fld@listcount=\count322
\c@bookmark@seq@number=\count323

(/usr/local/texlive/2022/texmf-dist/tex/latex/rerunfilecheck/rerunfilecheck.sty
Package: rerunfilecheck 2019/12/05 v1.9 Rerun checks for auxiliary files (HO)

(/usr/local/texlive/2022/texmf-dist/tex/generic/uniquecounter/uniquecounter.sty
Package: uniquecounter 2019/12/15 v1.4 Provide unlimited unique counter (HO)
)
Package uniquecounter Info: New unique counter `rerunfilecheck' on input line 2
86.
)
\Hy@SectionHShift=\skip88
)
Package hyperref Info: Option `breaklinks' set `true' on input line 146.

Package hyperref Warning: Option `bookmarks' has already been used,
(hyperref)                setting the option has no effect on input line 146.

Package hyperref Info: Option `colorlinks' set `true' on input line 146.
(/usr/local/texlive/2022/texmf-dist/tex/latex/placeins/placeins.sty
Package: placeins 2005/04/18  v 2.2
)
\cslhangindent=\skip89
\csllabelwidth=\skip90
(/usr/local/texlive/2022/texmf-dist/tex/latex/amsfonts/amssymb.sty
Package: amssymb 2013/01/14 v3.01 AMS font symbols
(/usr/local/texlive/2022/texmf-dist/tex/latex/amsfonts/amsfonts.sty
Package: amsfonts 2013/01/14 v3.01 Basic AMSFonts support
\symAMSa=\mathgroup4
\symAMSb=\mathgroup5
LaTeX Font Info:    Redeclaring math symbol \hbar on input line 98.
LaTeX Font Info:    Overwriting math alphabet `\mathfrak' in version `bold'
(Font)                  U/euf/m/n --> U/euf/b/n on input line 106.
)) (/usr/local/texlive/2022/texmf-dist/tex/latex/amsmath/amsmath.sty
Package: amsmath 2021/10/15 v2.17l AMS math features
\@mathmargin=\skip91
For additional information on amsmath, use the `?' option.
(/usr/local/texlive/2022/texmf-dist/tex/latex/amsmath/amsbsy.sty
Package: amsbsy 1999/11/29 v1.2d Bold Symbols
\pmbraise@=\dimen274
) (/usr/local/texlive/2022/texmf-dist/tex/latex/amsmath/amsopn.sty
Package: amsopn 2021/08/26 v2.02 operator names
)
\inf@bad=\count324
LaTeX Info: Redefining \frac on input line 234.
\uproot@=\count325
\leftroot@=\count326
LaTeX Info: Redefining \overline on input line 399.
\classnum@=\count327
\DOTSCASE@=\count328
LaTeX Info: Redefining \ldots on input line 496.
LaTeX Info: Redefining \dots on input line 499.
LaTeX Info: Redefining \cdots on input line 620.
\Mathstrutbox@=\box79
\strutbox@=\box80
\big@size=\dimen275
LaTeX Font Info:    Redeclaring font encoding OML on input line 743.
LaTeX Font Info:    Redeclaring font encoding OMS on input line 744.
\macc@depth=\count329
\c@MaxMatrixCols=\count330
\dotsspace@=\muskip17
\c@parentequation=\count331
\dspbrk@lvl=\count332
\tag@help=\toks42
\row@=\count333
\column@=\count334
\maxfields@=\count335
\andhelp@=\toks43
\eqnshift@=\dimen276
\alignsep@=\dimen277
\tagshift@=\dimen278
\tagwidth@=\dimen279
\totwidth@=\dimen280
\lineht@=\dimen281
\@envbody=\toks44
\multlinegap=\skip92
\multlinetaggap=\skip93
\mathdisplay@stack=\toks45
LaTeX Info: Redefining \[ on input line 2938.
LaTeX Info: Redefining \] on input line 2939.
)
Package translations Info: No language package found. I am going to use `englis
h' as default language. on input line 190.
Package csquotes Info: Checking for multilingual support...
Package csquotes Info: ... none found.
(./OnlineAppendix.aux

LaTeX Warning: Label `tab:dv' multiply defined.


LaTeX Warning: Label `tab:demographics' multiply defined.


LaTeX Warning: Label `fig:irt2' multiply defined.


LaTeX Warning: Label `fig:mc' multiply defined.


LaTeX Warning: Label `tab:h1' multiply defined.


LaTeX Warning: Label `tab:h1' multiply defined.


LaTeX Warning: Label `tab:h1' multiply defined.


LaTeX Warning: Label `tab:h3' multiply defined.


LaTeX Warning: Label `tab:h3' multiply defined.


LaTeX Warning: Label `tab:h3' multiply defined.


LaTeX Warning: Label `tab:h3' multiply defined.


LaTeX Warning: Label `tab:h3' multiply defined.


LaTeX Warning: Label `tab:h4' multiply defined.


LaTeX Warning: Label `tab:h4' multiply defined.


LaTeX Warning: Label `tab:h4' multiply defined.


LaTeX Warning: Label `tab:h4' multiply defined.


LaTeX Warning: Label `tab:h4' multiply defined.


LaTeX Warning: Label `tab:h4' multiply defined.


LaTeX Warning: Label `tab:h4' multiply defined.


LaTeX Warning: Label `tab:h4' multiply defined.


LaTeX Warning: Label `tab:h4' multiply defined.


LaTeX Warning: Label `tab:h4' multiply defined.


LaTeX Warning: Label `tab:h4' multiply defined.


LaTeX Warning: Label `tab:h5' multiply defined.


LaTeX Warning: Label `tab:h5' multiply defined.


LaTeX Warning: Label `tab:h5' multiply defined.


LaTeX Warning: Label `tab:h5' multiply defined.


LaTeX Warning: Label `tab:h5' multiply defined.


LaTeX Warning: Label `tab:h1-rep' multiply defined.


LaTeX Warning: Label `tab:h3-rep' multiply defined.


LaTeX Warning: Label `tab:h3-rep' multiply defined.


LaTeX Warning: Label `tab:h3_3_oa' multiply defined.


LaTeX Warning: Label `tab:h4-rep' multiply defined.


LaTeX Warning: Label `tab:h4-rep' multiply defined.


LaTeX Warning: Label `tab:h4-rep' multiply defined.


LaTeX Warning: Label `tab:h4-rep' multiply defined.


LaTeX Warning: Label `tab:h4-rep' multiply defined.


LaTeX Warning: Label `tab:h4-rep' multiply defined.


LaTeX Warning: Label `tab:h4_10_oa' multiply defined.


LaTeX Warning: Label `tab:h4-rep' multiply defined.


LaTeX Warning: Label `tab:h4_11_oa' multiply defined.


LaTeX Warning: Label `tab:h4-rep' multiply defined.


LaTeX Warning: Label `tab:h4_12_oa' multiply defined.


LaTeX Warning: Label `tab:h5-rep' multiply defined.


LaTeX Warning: Label `tab:h5-rep' multiply defined.


LaTeX Warning: Label `tab:h5_3_oa' multiply defined.


LaTeX Warning: Label `fig:ht_pol_know' multiply defined.


LaTeX Warning: Label `fig:h1_party' multiply defined.


LaTeX Warning: Label `fig:h3_party' multiply defined.


LaTeX Warning: Label `fig:h1_party' multiply defined.


LaTeX Warning: Label `fig:h5_party' multiply defined.


LaTeX Warning: Label `fig:h5_party' multiply defined.


LaTeX Warning: Label `tab:obs' multiply defined.

)
\openout1 = `OnlineAppendix.aux'.

LaTeX Font Info:    Checking defaults for OML/cmm/m/it on input line 190.
LaTeX Font Info:    ... okay on input line 190.
LaTeX Font Info:    Checking defaults for OMS/cmsy/m/n on input line 190.
LaTeX Font Info:    ... okay on input line 190.
LaTeX Font Info:    Checking defaults for OT1/cmr/m/n on input line 190.
LaTeX Font Info:    ... okay on input line 190.
LaTeX Font Info:    Checking defaults for T1/cmr/m/n on input line 190.
LaTeX Font Info:    ... okay on input line 190.
LaTeX Font Info:    Checking defaults for TS1/cmr/m/n on input line 190.
LaTeX Font Info:    ... okay on input line 190.
LaTeX Font Info:    Checking defaults for OMX/cmex/m/n on input line 190.
LaTeX Font Info:    ... okay on input line 190.
LaTeX Font Info:    Checking defaults for U/cmr/m/n on input line 190.
LaTeX Font Info:    ... okay on input line 190.
LaTeX Font Info:    Checking defaults for PD1/pdf/m/n on input line 190.
LaTeX Font Info:    ... okay on input line 190.
LaTeX Font Info:    Checking defaults for PU/pdf/m/n on input line 190.
LaTeX Font Info:    ... okay on input line 190.
*geometry* driver: auto-detecting
*geometry* detected driver: pdftex
*geometry* verbose mode - [ preamble ] result:
* driver: pdftex
* paper: <default>
* layout: <same size as paper>
* layoutoffset:(h,v)=(0.0pt,0.0pt)
* modes: 
* h-part:(L,W,R)=(72.26999pt, 469.75502pt, 72.26999pt)
* v-part:(T,H,B)=(72.26999pt, 650.43001pt, 72.26999pt)
* \paperwidth=614.295pt
* \paperheight=794.96999pt
* \textwidth=469.75502pt
* \textheight=650.43001pt
* \oddsidemargin=0.0pt
* \evensidemargin=0.0pt
* \topmargin=-37.0pt
* \headheight=12.0pt
* \headsep=25.0pt
* \topskip=11.0pt
* \footskip=30.0pt
* \marginparwidth=59.0pt
* \marginparsep=10.0pt
* \columnsep=10.0pt
* \skip\footins=10.0pt plus 4.0pt minus 2.0pt
* \hoffset=0.0pt
* \voffset=0.0pt
* \mag=1000
* \@twocolumnfalse
* \@twosidefalse
* \@mparswitchfalse
* \@reversemarginfalse
* (1in=72.27pt=25.4mm, 1cm=28.453pt)

Package caption Info: Begin \AtBeginDocument code.
Package caption Info: hyperref package is loaded.
Package caption Info: Fixing longtable code of `floatrow' package.
Package caption Info: End \AtBeginDocument code.
(/usr/local/texlive/2022/texmf-dist/tex/latex/floatrow/fr-longtable.sty
Package: fr-longtable 2007/11/28 v0.1b (beta) floatrow: additions for longtable

\flrow@LT@lasthead=\box81
\flrow@LT@prelastfoot=\box82
\c@FBLTpage=\count336
) (/usr/local/texlive/2022/texmf-dist/tex/context/base/mkii/supp-pdf.mkii
[Loading MPS to PDF converter (version 2006.09.02).]
\scratchcounter=\count337
\scratchdimen=\dimen282
\scratchbox=\box83
\nofMPsegments=\count338
\nofMParguments=\count339
\everyMPshowfont=\toks46
\MPscratchCnt=\count340
\MPscratchDim=\dimen283
\MPnumerator=\count341
\makeMPintoPDFobject=\count342
\everyMPtoPDFconversion=\toks47
)
(/usr/local/texlive/2022/texmf-dist/tex/latex/translations/translations-basic-d
ictionary-english.trsl
File: translations-basic-dictionary-english.trsl (english translation file `tra
nslations-basic-dictionary')
)
Package translations Info: loading dictionary `translations-basic-dictionary' f
or `english'. on input line 190.
Package hyperref Info: Link coloring ON on input line 190.
(/usr/local/texlive/2022/texmf-dist/tex/latex/hyperref/nameref.sty
Package: nameref 2021-04-02 v2.47 Cross-referencing by name of section
(/usr/local/texlive/2022/texmf-dist/tex/latex/refcount/refcount.sty
Package: refcount 2019/12/15 v3.6 Data extraction from label references (HO)
)
(/usr/local/texlive/2022/texmf-dist/tex/generic/gettitlestring/gettitlestring.s
ty
Package: gettitlestring 2019/12/15 v1.6 Cleanup title references (HO)
)
\c@section@level=\count343
)
LaTeX Info: Redefining \ref on input line 190.
LaTeX Info: Redefining \pageref on input line 190.
LaTeX Info: Redefining \nameref on input line 190.
(./OnlineAppendix.out) (./OnlineAppendix.out)
\@outlinefile=\write3
\openout3 = `OnlineAppendix.out'.

(./OnlineAppendix.toc
LaTeX Font Info:    Trying to load font information for OT1+lmr on input line 3
.
(/usr/local/texlive/2022/texmf-dist/tex/latex/lm/ot1lmr.fd
File: ot1lmr.fd 2015/05/01 v1.6.1 Font defs for Latin Modern
)
LaTeX Font Info:    Trying to load font information for OML+lmm on input line 3
.
(/usr/local/texlive/2022/texmf-dist/tex/latex/lm/omllmm.fd
File: omllmm.fd 2015/05/01 v1.6.1 Font defs for Latin Modern
)
LaTeX Font Info:    Trying to load font information for OMS+lmsy on input line 
3.
(/usr/local/texlive/2022/texmf-dist/tex/latex/lm/omslmsy.fd
File: omslmsy.fd 2015/05/01 v1.6.1 Font defs for Latin Modern
)
LaTeX Font Info:    Trying to load font information for OMX+lmex on input line 
3.
(/usr/local/texlive/2022/texmf-dist/tex/latex/lm/omxlmex.fd
File: omxlmex.fd 2015/05/01 v1.6.1 Font defs for Latin Modern
)
LaTeX Font Info:    External font `lmex10' loaded for size
(Font)              <10.95> on input line 3.
LaTeX Font Info:    External font `lmex10' loaded for size
(Font)              <8> on input line 3.
LaTeX Font Info:    External font `lmex10' loaded for size
(Font)              <6> on input line 3.
LaTeX Font Info:    Trying to load font information for U+msa on input line 3.
(/usr/local/texlive/2022/texmf-dist/tex/latex/amsfonts/umsa.fd
File: umsa.fd 2013/01/14 v3.01 AMS symbols A
)
LaTeX Font Info:    Trying to load font information for U+msb on input line 3.
(/usr/local/texlive/2022/texmf-dist/tex/latex/amsfonts/umsb.fd
File: umsb.fd 2013/01/14 v3.01 AMS symbols B
)
Overfull \hbox (8.57767pt too wide) detected at line 3
 []\T1/lmr/m/n/10.95 OA-3
 []


Overfull \hbox (8.57767pt too wide) detected at line 4
 []\T1/lmr/m/n/10.95 OA-6
 []


Overfull \hbox (14.05266pt too wide) detected at line 9
 []\T1/lmr/m/n/10.95 OA-17
 []


Overfull \hbox (14.05266pt too wide) detected at line 10
 []\T1/lmr/m/n/10.95 OA-17
 []


Overfull \hbox (14.05266pt too wide) detected at line 11
 []\T1/lmr/m/n/10.95 OA-17
 []


Overfull \hbox (14.05266pt too wide) detected at line 12
 []\T1/lmr/m/n/10.95 OA-18
 []


Overfull \hbox (14.05266pt too wide) detected at line 13
 []\T1/lmr/m/n/10.95 OA-18
 []


Overfull \hbox (14.05266pt too wide) detected at line 15
 []\T1/lmr/m/n/10.95 OA-22
 []


Overfull \hbox (14.05266pt too wide) detected at line 16
 []\T1/lmr/m/n/10.95 OA-28
 []


Overfull \hbox (14.05266pt too wide) detected at line 17
 []\T1/lmr/m/n/10.95 OA-39
 []


Overfull \hbox (14.05266pt too wide) detected at line 18
 []\T1/lmr/m/n/10.95 OA-60
 []


Overfull \hbox (14.05266pt too wide) detected at line 20
 []\T1/lmr/m/n/10.95 OA-71
 []


Overfull \hbox (14.05266pt too wide) detected at line 21
 []\T1/lmr/m/n/10.95 OA-74
 []


Overfull \hbox (14.05266pt too wide) detected at line 22
 []\T1/lmr/m/n/10.95 OA-81
 []


Overfull \hbox (14.05266pt too wide) detected at line 23
 []\T1/lmr/m/n/10.95 OA-96
 []


Overfull \hbox (19.52765pt too wide) detected at line 25
 []\T1/lmr/m/n/10.95 OA-103
 []


Overfull \hbox (19.52765pt too wide) detected at line 26
 []\T1/lmr/m/n/10.95 OA-103
 []


Overfull \hbox (19.52765pt too wide) detected at line 27
 []\T1/lmr/m/n/10.95 OA-104
 []


Overfull \hbox (19.52765pt too wide) detected at line 28
 []\T1/lmr/m/n/10.95 OA-104
 []


Overfull \hbox (19.52765pt too wide) detected at line 29
 []\T1/lmr/m/n/10.95 OA-105
 []


Overfull \hbox (19.52765pt too wide) detected at line 31
 []\T1/lmr/m/n/10.95 OA-106
 []

[1

{/usr/local/texlive/2022/texmf-var/fonts/map/pdftex/updmap/pdftex.map}]
Overfull \hbox (19.52765pt too wide) detected at line 32
 []\T1/lmr/m/n/10.95 OA-106
 []


Overfull \hbox (19.52765pt too wide) detected at line 33
 []\T1/lmr/m/n/10.95 OA-107
 []


Overfull \hbox (19.52765pt too wide) detected at line 35
 []\T1/lmr/m/n/10.95 OA-111
 []


Overfull \hbox (19.52765pt too wide) detected at line 36
 []\T1/lmr/m/n/10.95 OA-112
 []


Overfull \hbox (19.52765pt too wide) detected at line 37
 []\T1/lmr/m/n/10.95 OA-113
 []


Overfull \hbox (19.52765pt too wide) detected at line 40
 []\T1/lmr/m/n/10.95 OA-116
 []

)
\tf@toc=\write4
\openout4 = `OnlineAppendix.toc'.

[2]
LaTeX Font Info:    Trying to load font information for T1+lmtt on input line 2
43.
(/usr/local/texlive/2022/texmf-dist/tex/latex/lm/t1lmtt.fd
File: t1lmtt.fd 2015/05/01 v1.6.1 Font defs for Latin Modern
)
<../docs/pre-analysis-plan/power_analysis-pooled.png, id=224, 7227.0pt x 4516.8
75pt>
File: ../docs/pre-analysis-plan/power_analysis-pooled.png Graphic file (type pn
g)
<use ../docs/pre-analysis-plan/power_analysis-pooled.png>
Package pdftex.def Info: ../docs/pre-analysis-plan/power_analysis-pooled.png  u
sed on input line 268.
(pdftex.def)             Requested size: 469.75502pt x 293.53825pt.
[3 <../docs/pre-analysis-plan/power_analysis-pooled.png>]
Overfull \hbox (49.9418pt too wide) in paragraph at lines 314--323
 [][] 
 []

LaTeX Font Info:    Trying to load font information for TS1+lmr on input line 3
37.
(/usr/local/texlive/2022/texmf-dist/tex/latex/lm/ts1lmr.fd
File: ts1lmr.fd 2015/05/01 v1.6.1 Font defs for Latin Modern
) [4]
LaTeX Font Info:    Trying to load font information for TS1+lmtt on input line 
356.
(/usr/local/texlive/2022/texmf-dist/tex/latex/lm/ts1lmtt.fd
File: ts1lmtt.fd 2015/05/01 v1.6.1 Font defs for Latin Modern
)
Overfull \hbox (0.18124pt too wide) in paragraph at lines 352--358
\T1/lmtt/m/n/10.95 of a large city\T1/lmr/m/n/10.95 , \T1/lmtt/m/n/10.95 middle
-szed or small city\T1/lmr/m/n/10.95 , \T1/lmtt/m/n/10.95 rural village\T1/lmr/
m/n/10.95 , \T1/lmtt/m/n/10.95 detached house in the
 []


Overfull \hbox (17.18411pt too wide) in paragraph at lines 358--366
\T1/lmtt/m/n/10.95 90/DIE GRÜNEN\T1/lmr/m/n/10.95 , \T1/lmtt/m/n/10.95 Other pa
rty:\T1/lmr/m/n/10.95 , \T1/lmtt/m/n/10.95 I didn\TS1/lmtt/m/n/10.95 '\T1/lmtt/
m/n/10.95 t vote/wasn\TS1/lmtt/m/n/10.95 '\T1/lmtt/m/n/10.95 t eligble to vote\
T1/lmr/m/n/10.95 , \T1/lmtt/m/n/10.95 Don\TS1/lmtt/m/n/10.95 '\T1/lmtt/m/n/10.9
5 t know/won\TS1/lmtt/m/n/10.95 '\T1/lmtt/m/n/10.95 t
 []


Overfull \hbox (0.18124pt too wide) in paragraph at lines 366--374
\T1/lmtt/m/n/10.95 Part-time employed\T1/lmr/m/n/10.95 , \T1/lmtt/m/n/10.95 Ent
repreneur\T1/lmr/m/n/10.95 , \T1/lmtt/m/n/10.95 Unemployed and searching for a 
job\T1/lmr/m/n/10.95 , \T1/lmtt/m/n/10.95 Unemployed
 []


Overfull \hbox (37.74571pt too wide) in paragraph at lines 366--374
\T1/lmtt/m/n/10.95 and not searching for a job or incapacitated\T1/lmr/m/n/10.9
5 , \T1/lmtt/m/n/10.95 Housewife/Househusband or else\T1/lmr/m/n/10.95 , \T1/lm
tt/m/n/10.95 Retired\T1/lmr/m/n/10.95 ,
 []


Overfull \hbox (1.42886pt too wide) in paragraph at lines 382--391
\T1/lmr/m/n/10.95 North Rhine- West-phalia, Rhineland-Palatinate, Saar-land, Sa
x-ony, Saxony-Anholt, Schleswig-
 []


Overfull \hbox (49.9418pt too wide) in paragraph at lines 397--413
 [][] 
 []


LaTeX Warning: `!h' float specifier changed to `!ht'.


LaTeX Warning: Reference `tab:pret2' on page OA-5 undefined on input line 418.


Overfull \hbox (1.39722pt too wide) in paragraph at lines 428--433
\T1/lmr/m/n/10.95 ment should im-ple-ment a pol-icy: \T1/lmtt/m/n/10.95 impleme
nt speed limit\T1/lmr/m/n/10.95 , \T1/lmtt/m/n/10.95 increase of top tax\T1/lmr
/m/n/10.95 , \T1/lmtt/m/n/10.95 legalize
 []


Overfull \hbox (49.9418pt too wide) in alignment at lines 438--461
 [] [] [] 
 []

[5] [6] [7] [8] [9]

pdfTeX warning: pdflatex (file ./OnlineAppendix_files/figure-latex/data-experim
ent-1.pdf): PDF inclusion: found PDF version <1.7>, but at most version <1.5> a
llowed
<OnlineAppendix_files/figure-latex/data-experiment-1.pdf, id=282, 338.26375pt x
 492.84125pt>
File: OnlineAppendix_files/figure-latex/data-experiment-1.pdf Graphic file (typ
e pdf)
<use OnlineAppendix_files/figure-latex/data-experiment-1.pdf>
Package pdftex.def Info: OnlineAppendix_files/figure-latex/data-experiment-1.pd
f  used on input line 603.
(pdftex.def)             Requested size: 338.26291pt x 492.84003pt.
[10] [11 <./OnlineAppendix_files/figure-latex/data-experiment-1.pdf>]

pdfTeX warning: pdflatex (file ./OnlineAppendix_files/figure-latex/treat-diff-1
.pdf): PDF inclusion: found PDF version <1.7>, but at most version <1.5> allowe
d
<OnlineAppendix_files/figure-latex/treat-diff-1.pdf, id=304, 652.4375pt x 438.6
3875pt>
File: OnlineAppendix_files/figure-latex/treat-diff-1.pdf Graphic file (type pdf
)
<use OnlineAppendix_files/figure-latex/treat-diff-1.pdf>
Package pdftex.def Info: OnlineAppendix_files/figure-latex/treat-diff-1.pdf  us
ed on input line 608.
(pdftex.def)             Requested size: 455.31934pt x 328.831pt.
[12

 <./OnlineAppendix_files/figure-latex/treat-diff-1.pdf>]

pdfTeX warning: pdflatex (file ./OnlineAppendix_files/figure-latex/treat-diff-e
xp-1.pdf): PDF inclusion: found PDF version <1.7>, but at most version <1.5> al
lowed
<OnlineAppendix_files/figure-latex/treat-diff-exp-1.pdf, id=322, 646.415pt x 64
3.40375pt>
File: OnlineAppendix_files/figure-latex/treat-diff-exp-1.pdf Graphic file (type
 pdf)
<use OnlineAppendix_files/figure-latex/treat-diff-exp-1.pdf>
Package pdftex.def Info: OnlineAppendix_files/figure-latex/treat-diff-exp-1.pdf
  used on input line 614.
(pdftex.def)             Requested size: 455.29851pt x 328.83842pt.
[13


 <./OnlineAppendix_files/figure-latex/treat-diff-exp-1.pdf>]

LaTeX Warning: Reference `fig:it1' on page OA-14 undefined on input line 628.

<figures/idealism_relativism_iifs.png, id=340, 662.475pt x 441.65pt>
File: figures/idealism_relativism_iifs.png Graphic file (type png)
<use figures/idealism_relativism_iifs.png>
Package pdftex.def Info: figures/idealism_relativism_iifs.png  used on input li
ne 634.
(pdftex.def)             Requested size: 469.75502pt x 313.16934pt.

LaTeX Warning: Reference `fig:irt3' on page OA-14 undefined on input line 643.

<figures/relativism_tif.png, id=342, 1327.96124pt x 885.3075pt>
File: figures/relativism_tif.png Graphic file (type png)
<use figures/relativism_tif.png>
Package pdftex.def Info: figures/relativism_tif.png  used on input line 654.
(pdftex.def)             Requested size: 469.75502pt x 313.17189pt.
[14

 <./figures/idealism_relativism_iifs.png>]
<figures/idealism_tifs.png, id=351, 1327.96124pt x 885.3075pt>
File: figures/idealism_tifs.png Graphic file (type png)
<use figures/idealism_tifs.png>
Package pdftex.def Info: figures/idealism_tifs.png  used on input line 663.
(pdftex.def)             Requested size: 469.75502pt x 313.17189pt.
[15 <./figures/relativism_tif.png (PNG copy)>] [16 <./figures/idealism_tifs.png
 (PNG copy)>]

pdfTeX warning: pdflatex (file ./OnlineAppendix_files/figure-latex/balance-chec
ks-1.pdf): PDF inclusion: found PDF version <1.7>, but at most version <1.5> al
lowed
<OnlineAppendix_files/figure-latex/balance-checks-1.pdf, id=362, 651.43375pt x 
661.47125pt>
File: OnlineAppendix_files/figure-latex/balance-checks-1.pdf Graphic file (type
 pdf)
<use OnlineAppendix_files/figure-latex/balance-checks-1.pdf>
Package pdftex.def Info: OnlineAppendix_files/figure-latex/balance-checks-1.pdf
  used on input line 690.
(pdftex.def)             Requested size: 328.83725pt x 455.2953pt.
[17 <./OnlineAppendix_files/figure-latex/balance-checks-1.pdf>]
<figures/mc-1.png, id=380, 963.6pt x 963.6pt>
File: figures/mc-1.png Graphic file (type png)
<use figures/mc-1.png>
Package pdftex.def Info: figures/mc-1.png  used on input line 709.
(pdftex.def)             Requested size: 375.80544pt x 375.80249pt.
<figures/mc-2.png, id=382, 963.6pt x 963.6pt>
File: figures/mc-2.png Graphic file (type png)
<use figures/mc-2.png>
Package pdftex.def Info: figures/mc-2.png  used on input line 726.
(pdftex.def)             Requested size: 375.80544pt x 375.80249pt.

LaTeX Warning: `h' float specifier changed to `ht'.


LaTeX Warning: Reference `fig:mh2' on page OA-18 undefined on input line 738.

<figures/mc-3.png, id=383, 963.6pt x 963.6pt>
File: figures/mc-3.png Graphic file (type png)
<use figures/mc-3.png>
Package pdftex.def Info: figures/mc-3.png  used on input line 743.
(pdftex.def)             Requested size: 375.80544pt x 375.80249pt.

LaTeX Warning: `h' float specifier changed to `ht'.

<figures/mc-4.png, id=385, 963.6pt x 963.6pt>
File: figures/mc-4.png Graphic file (type png)
<use figures/mc-4.png>
Package pdftex.def Info: figures/mc-4.png  used on input line 760.
(pdftex.def)             Requested size: 375.80544pt x 375.80249pt.
[18 <./figures/mc-1.png>]

LaTeX Warning: `h' float specifier changed to `ht'.

<figures/mc-5.png, id=399, 963.6pt x 963.6pt>
File: figures/mc-5.png Graphic file (type png)
<use figures/mc-5.png>
Package pdftex.def Info: figures/mc-5.png  used on input line 777.
(pdftex.def)             Requested size: 375.80249pt x 325.20831pt.

LaTeX Warning: `h' float specifier changed to `ht'.

[19 <./figures/mc-2.png>] [20 <./figures/mc-3.png>] [21 <./figures/mc-4.png>] [
22 <./figures/mc-5.png>]
Overfull \hbox (5.03629pt too wide) in alignment at lines 793--873
 [] [] [] [] 
 []

[23

]
Overfull \hbox (5.03629pt too wide) in alignment at lines 875--954
 [] [] [] [] 
 []

[24] [25]
Overfull \hbox (5.03629pt too wide) in alignment at lines 956--1036
 [] [] [] [] 
 []

[26] [27]
Overfull \hbox (5.03629pt too wide) in alignment at lines 1038--1117
 [] [] [] [] 
 []

[28]
Overfull \hbox (5.03629pt too wide) in alignment at lines 1122--1202
 [] [] [] [] 
 []

[29] [30]
Overfull \hbox (5.03629pt too wide) in alignment at lines 1204--1283
 [] [] [] [] 
 []

[31] [32]
Overfull \hbox (5.03629pt too wide) in alignment at lines 1285--1366
 [] [] [] [] 
 []

[33] [34]
Overfull \hbox (5.03629pt too wide) in alignment at lines 1368--1448
 [] [] [] [] 
 []

[35]
Overfull \hbox (5.03629pt too wide) in alignment at lines 1450--1529
 [] [] [] [] 
 []

[36] [37]
Overfull \hbox (5.03629pt too wide) in alignment at lines 1531--1612
 [] [] [] [] 
 []

[38] [39]
Overfull \hbox (5.03629pt too wide) in alignment at lines 1617--1698
 [] [] [] [] 
 []

[40]
Overfull \hbox (5.03629pt too wide) in alignment at lines 1700--1780
 [] [] [] [] 
 []

[41] [42]
Overfull \hbox (5.03629pt too wide) in alignment at lines 1782--1864
 [] [] [] [] 
 []

[43] [44]
Overfull \hbox (5.03629pt too wide) in alignment at lines 1866--1947
 [] [] [] [] 
 []

[45] [46]
Overfull \hbox (5.03629pt too wide) in alignment at lines 1949--2029
 [] [] [] [] 
 []

[47]
Overfull \hbox (5.03629pt too wide) in alignment at lines 2031--2113
 [] [] [] [] 
 []

[48] [49]
Overfull \hbox (5.03629pt too wide) in alignment at lines 2115--2196
 [] [] [] [] 
 []

[50] [51]
Overfull \hbox (5.03629pt too wide) in alignment at lines 2198--2278
 [] [] [] [] 
 []

[52] [53]
Overfull \hbox (5.03629pt too wide) in alignment at lines 2280--2362
 [] [] [] [] 
 []

[54]
Overfull \hbox (5.03629pt too wide) in alignment at lines 2364--2445
 [] [] [] [] 
 []

[55] [56]
Overfull \hbox (5.03629pt too wide) in alignment at lines 2447--2527
 [] [] [] [] 
 []

[57] [58]
Overfull \hbox (5.03629pt too wide) in alignment at lines 2529--2611
 [] [] [] [] 
 []

[59] [60]
Overfull \hbox (5.03629pt too wide) in alignment at lines 2616--2697
 [] [] [] [] 
 []

[61]
Overfull \hbox (5.03629pt too wide) in alignment at lines 2699--2779
 [] [] [] [] 
 []

[62] [63]
Overfull \hbox (5.03629pt too wide) in alignment at lines 2781--2863
 [] [] [] [] 
 []

[64] [65]
Overfull \hbox (5.03629pt too wide) in alignment at lines 2865--2946
 [] [] [] [] 
 []

[66] [67]
Overfull \hbox (5.03629pt too wide) in alignment at lines 2948--3028
 [] [] [] [] 
 []

[68]
Overfull \hbox (5.03629pt too wide) in alignment at lines 3030--3112
 [] [] [] [] 
 []

[69] [70] [71]
Overfull \hbox (5.03629pt too wide) in alignment at lines 3123--3203
 [] [] [] [] 
 []

[72]
Overfull \hbox (5.03629pt too wide) in alignment at lines 3205--3284
 [] [] [] [] 
 []

[73] [74]
Overfull \hbox (5.03629pt too wide) in alignment at lines 3289--3369
 [] [] [] [] 
 []

[75] [76]
Overfull \hbox (5.03629pt too wide) in alignment at lines 3371--3450
 [] [] [] [] 
 []

[77]
Overfull \hbox (5.03629pt too wide) in alignment at lines 3452--3609
 [] [] [] [] 
 []

[78] [79] [80] [81]
Overfull \hbox (5.03629pt too wide) in alignment at lines 3614--3695
 [] [] [] [] 
 []

[82]
Overfull \hbox (5.03629pt too wide) in alignment at lines 3697--3777
 [] [] [] [] 
 []

[83] [84]
Overfull \hbox (5.03629pt too wide) in alignment at lines 3779--3861
 [] [] [] [] 
 []

[85] [86]
Overfull \hbox (5.03629pt too wide) in alignment at lines 3863--3944
 [] [] [] [] 
 []

[87] [88]
Overfull \hbox (5.03629pt too wide) in alignment at lines 3946--4026
 [] [] [] [] 
 []

[89]
Overfull \hbox (5.03629pt too wide) in alignment at lines 4028--4110
 [] [] [] [] 
 []

[90] [91]
Overfull \hbox (5.03629pt too wide) in alignment at lines 4112--4193
 [] [] [] [] 
 []

[92] [93]
Overfull \hbox (5.03629pt too wide) in alignment at lines 4195--4275
 [] [] [] [] 
 []

[94] [95]
Overfull \hbox (5.03629pt too wide) in alignment at lines 4277--4359
 [] [] [] [] 
 []

[96]
Overfull \hbox (5.03629pt too wide) in alignment at lines 4364--4445
 [] [] [] [] 
 []

[97] [98]
Overfull \hbox (5.03629pt too wide) in alignment at lines 4447--4527
 [] [] [] [] 
 []

[99] [100]
Overfull \hbox (5.03629pt too wide) in alignment at lines 4529--4611
 [] [] [] [] 
 []

[101] [102] [103]
<figures/explor-pol-mod-5.png, id=822, 1734.48pt x 770.88pt>
File: figures/explor-pol-mod-5.png Graphic file (type png)
<use figures/explor-pol-mod-5.png>
Package pdftex.def Info: figures/explor-pol-mod-5.png  used on input line 4633.

(pdftex.def)             Requested size: 469.75502pt x 208.77556pt.
<figures/explor-pol-mod-4.png, id=824, 1734.48pt x 770.88pt>
File: figures/explor-pol-mod-4.png Graphic file (type png)
<use figures/explor-pol-mod-4.png>
Package pdftex.def Info: figures/explor-pol-mod-4.png  used on input line 4653.

(pdftex.def)             Requested size: 469.75502pt x 208.77556pt.
[104 <./figures/explor-pol-mod-5.png>]

LaTeX Warning: Reference `ht_pol_int' on page OA-105 undefined on input line 46
63.

<figures/explor-pol-mod-8.png, id=836, 1734.48pt x 770.88pt>
File: figures/explor-pol-mod-8.png Graphic file (type png)
<use figures/explor-pol-mod-8.png>
Package pdftex.def Info: figures/explor-pol-mod-8.png  used on input line 4672.

(pdftex.def)             Requested size: 469.75502pt x 208.77556pt.

LaTeX Warning: Reference `ht_pol_know' on page OA-105 undefined on input line 4
682.

<figures/explor-pol-mod-9.png, id=837, 1734.48pt x 770.88pt>
File: figures/explor-pol-mod-9.png Graphic file (type png)
<use figures/explor-pol-mod-9.png>
Package pdftex.def Info: figures/explor-pol-mod-9.png  used on input line 4690.

(pdftex.def)             Requested size: 469.75502pt x 208.77556pt.
[105 <./figures/explor-pol-mod-4.png> <./figures/explor-pol-mod-8.png>]
<figures/explor-pol-mod-7.png, id=847, 1734.48pt x 770.88pt>
File: figures/explor-pol-mod-7.png Graphic file (type png)
<use figures/explor-pol-mod-7.png>
Package pdftex.def Info: figures/explor-pol-mod-7.png  used on input line 4704.

(pdftex.def)             Requested size: 469.75502pt x 208.77556pt.
[106 <./figures/explor-pol-mod-9.png> <./figures/explor-pol-mod-7.png>]
<figures/robust-1.png, id=858, 963.6pt x 674.52pt>
File: figures/robust-1.png Graphic file (type png)
<use figures/robust-1.png>
Package pdftex.def Info: figures/robust-1.png  used on input line 4726.
(pdftex.def)             Requested size: 328.82533pt x 455.30194pt.
<figures/robust-2.png, id=860, 963.6pt x 674.52pt>
File: figures/robust-2.png Graphic file (type png)
<use figures/robust-2.png>
Package pdftex.def Info: figures/robust-2.png  used on input line 4737.
(pdftex.def)             Requested size: 328.82533pt x 455.30194pt.
[107 <./figures/robust-1.png>]
<figures/robust-3.png, id=874, 963.6pt x 674.52pt>
File: figures/robust-3.png Graphic file (type png)
<use figures/robust-3.png>
Package pdftex.def Info: figures/robust-3.png  used on input line 4749.
(pdftex.def)             Requested size: 328.82533pt x 455.30194pt.
[108 <./figures/robust-2.png>]
<figures/robust-4.png, id=884, 963.6pt x 674.52pt>
File: figures/robust-4.png Graphic file (type png)
<use figures/robust-4.png>
Package pdftex.def Info: figures/robust-4.png  used on input line 4753.
(pdftex.def)             Requested size: 328.82533pt x 455.30194pt.
[109 <./figures/robust-3.png>] [110 <./figures/robust-4.png>] [111]
<figures/effects-per-party-1.png, id=902, 1734.48pt x 770.88pt>
File: figures/effects-per-party-1.png Graphic file (type png)
<use figures/effects-per-party-1.png>
Package pdftex.def Info: figures/effects-per-party-1.png  used on input line 47
68.
(pdftex.def)             Requested size: 455.29459pt x 328.82535pt.
<figures/effects-per-party-2.png, id=903, 1734.48pt x 770.88pt>
File: figures/effects-per-party-2.png Graphic file (type png)
<use figures/effects-per-party-2.png>
Package pdftex.def Info: figures/effects-per-party-2.png  used on input line 47
75.
(pdftex.def)             Requested size: 455.29459pt x 328.82535pt.
[112

 <./figures/effects-per-party-1.png>]
<figures/effects-per-party-3.png, id=911, 1734.48pt x 770.88pt>
File: figures/effects-per-party-3.png Graphic file (type png)
<use figures/effects-per-party-3.png>
Package pdftex.def Info: figures/effects-per-party-3.png  used on input line 47
82.
(pdftex.def)             Requested size: 455.29459pt x 328.82535pt.
[113 <./figures/effects-per-party-2.png>]
<figures/effects-per-party-4.png, id=918, 1734.48pt x 770.88pt>
File: figures/effects-per-party-4.png Graphic file (type png)
<use figures/effects-per-party-4.png>
Package pdftex.def Info: figures/effects-per-party-4.png  used on input line 47
86.
(pdftex.def)             Requested size: 455.29459pt x 328.82535pt.
[114 <./figures/effects-per-party-3.png>]
<figures/h45-direct-2.png, id=925, 770.88pt x 770.88pt>
File: figures/h45-direct-2.png Graphic file (type png)
<use figures/h45-direct-2.png>
Package pdftex.def Info: figures/h45-direct-2.png  used on input line 4790.
(pdftex.def)             Requested size: 455.29753pt x 328.82535pt.
[115 <./figures/effects-per-party-4.png>] [116 <./figures/h45-direct-2.png>]
Overfull \hbox (5.03629pt too wide) in alignment at lines 4830--4847
 [] [] [] [] 
 []


Overfull \hbox (5.03629pt too wide) in alignment at lines 4849--4866
 [] [] [] [] 
 []

[117

] [118] [119] (./OnlineAppendix.aux)

LaTeX Warning: There were undefined references.


LaTeX Warning: There were multiply-defined labels.

Package rerunfilecheck Info: File `OnlineAppendix.out' has not changed.
(rerunfilecheck)             Checksum: 567927F46F61A742DE01D2CC12790474;9032.
 ) 
Here is how much of TeX's memory you used:
 21686 strings out of 478268
 398691 string characters out of 5846347
 800051 words of memory out of 5000000
 39262 multiletter control sequences out of 15000+600000
 496173 words of font info for 53 fonts, out of 8000000 for 9000
 1141 hyphenation exceptions out of 8191
 70i,11n,79p,555b,970s stack positions out of 10000i,1000n,20000p,200000b,200000s
{/usr/local/texlive/2022/texmf-dist/fonts/enc/dvips/lm/lm-ts1.enc}{/usr/local
/texlive/2022/texmf-dist/fonts/enc/dvips/lm/lm-ec.enc}{/usr/local/texlive/2022/
texmf-dist/fonts/enc/dvips/lm/lm-rm.enc}{/usr/local/texlive/2022/texmf-dist/fon
ts/enc/dvips/lm/lm-mathit.enc}</usr/local/texlive/2022/texmf-dist/fonts/type1/p
ublic/lm/lmbx10.pfb></usr/local/texlive/2022/texmf-dist/fonts/type1/public/lm/l
mmi10.pfb></usr/local/texlive/2022/texmf-dist/fonts/type1/public/lm/lmr10.pfb><
/usr/local/texlive/2022/texmf-dist/fonts/type1/public/lm/lmr17.pfb></usr/local/
texlive/2022/texmf-dist/fonts/type1/public/lm/lmri10.pfb></usr/local/texlive/20
22/texmf-dist/fonts/type1/public/lm/lmtt10.pfb>
Output written on OnlineAppendix.pdf (119 pages, 3030782 bytes).
PDF statistics:
 1068 PDF objects out of 1200 (max. 8388607)
 863 compressed objects within 9 object streams
 285 named destinations out of 1000 (max. 500000)
 456 words of extra memory for PDF output out of 10000 (max. 10000000)

